<?xml version="1.0" encoding="UTF-8"?>
<testsuite xmlns:xsi="http://www.w3.org/2001/XMLSchema-instance" xsi:noNamespaceSchemaLocation="https://maven.apache.org/surefire/maven-surefire-plugin/xsd/surefire-test-report-3.0.xsd" version="3.0" name="Register.RegisterTest" time="0.085" tests="8" errors="0" skipped="0" failures="1">
  <properties>
[...]
</properties>
  <testcase name="testReturnLoginStatus" classname="Register.RegisterTest" time="0.031">
    <failure message="expected: &lt;Welcome TEBOGONGOASHit is great to see you again.&gt; but was: &lt;Welcome null it is great to see you again.&gt;" type="org.opentest4j.AssertionFailedError"><![CDATA[org.opentest4j.AssertionFailedError: expected: <Welcome TEBOGONGOASHit is great to see you again.> but was: <Welcome null it is great to see you again.>
	at org.junit.jupiter.api.AssertionFailureBuilder.build(AssertionFailureBuilder.java:151)
	at org.junit.jupiter.api.AssertionFailureBuilder.buildAndThrow(AssertionFailureBuilder.java:132)
	at org.junit.jupiter.api.AssertEquals.failNotEqual(AssertEquals.java:197)
	at org.junit.jupiter.api.AssertEquals.assertEquals(AssertEquals.java:182)
	at org.junit.jupiter.api.AssertEquals.assertEquals(AssertEquals.java:177)
	at org.junit.jupiter.api.Assertions.assertEquals(Assertions.java:1145)
	at Register.RegisterTest.testReturnLoginStatus(RegisterTest.java:90)
	at java.base/java.lang.reflect.Method.invoke(Method.java:565)
	at java.base/java.util.ArrayList.forEach(ArrayList.java:1604)
	at java.base/java.util.ArrayList.forEach(ArrayList.java:1604)
]]></failure>
  </testcase>
  <testcase name="testCorrectUsername" classname="Register.RegisterTest" time="0.003">
    <system-out><![CDATA[welcome TEBOGO NGOASH it is great to see you]]></system-out>
  </testcase>
  <testcase name="testCorrectPassword" classname="Register.RegisterTest" time="0.001">
    <system-out><![CDATA[Password successfully captured]]></system-out>
  </testcase>
  <testcase name="testCorrectPhoneNumber" classname="Register.RegisterTest" time="0.001">
    <system-out><![CDATA[Cell number successfully captured.]]></system-out>
  </testcase>
  <testcase name="testIncorrectUsername" classname="Register.RegisterTest" time="0.002">
    <system-out><![CDATA[Username is not correctly formatted;please ensure that your username contains an underscore and is no more than five characters in length.]]></system-out>
  </testcase>
  <testcase name="testReturnLoginStatusFailed" classname="Register.RegisterTest" time="0.001"/>
  <testcase name="testIncorrectPhoneNumber" classname="Register.RegisterTest" time="0.002">
    <system-out><![CDATA[Cell number is incorrectly formatted or does not contain an international code;please correct the number and try again.]]></system-out>
  </testcase>
  <testcase name="testIncorrectPassword" classname="Register.RegisterTest" time="0.002">
    <system-out><![CDATA[Password is not correctly formatterd;please ensure that the password contains at least eight characters,a capital letter,a number,and a special character.]]></system-out>
  </testcase>
</testsuite>